[2024-04-12T10:23:23.039] [ERROR] TcpClient - yanfa_test:tcp客户端与服务器连接错误! Error: connect ETIMEDOUT 192.168.14.100:8131
    at TCPConnectWrap.afterConnect [as oncomplete] (node:net:1494:16) {
  errno: -4039,
  code: 'ETIMEDOUT',
  syscall: 'connect',
  address: '192.168.14.100',
  port: 8131
}
[2024-04-12T10:23:23.040] [WARN] TcpClient - yanfa_test:tcp客户端连接已关闭!准备重连
[2024-04-12T10:23:23.041] [WARN] TcpClient - yanfa_test:tcp客户端连接已关闭!准备重连
[2024-04-12T10:23:44.072] [WARN] TcpClient - yanfa_test:tcp客户端连接已关闭!准备重连
[2024-04-12T10:23:44.073] [WARN] TcpClient - yanfa_test:tcp客户端连接已关闭!准备重连
[2024-04-12T15:34:26.268] [ERROR] TcpClient - yanfa_test:tcp客户端与服务器连接错误! Error: connect ECONNREFUSED 192.168.14.100:8131
    at TCPConnectWrap.afterConnect [as oncomplete] (node:net:1494:16) {
  errno: -4078,
  code: 'ECONNREFUSED',
  syscall: 'connect',
  address: '192.168.14.100',
  port: 8131
}
[2024-04-12T15:34:26.270] [WARN] TcpClient - yanfa_test:tcp客户端连接已关闭!准备重连
[2024-04-12T15:34:26.271] [WARN] TcpClient - yanfa_test:tcp客户端连接已关闭!准备重连
[2024-04-12T15:34:28.329] [WARN] TcpClient - yanfa_test:tcp客户端连接已关闭!准备重连
[2024-04-12T15:34:28.330] [WARN] TcpClient - yanfa_test:tcp客户端连接已关闭!准备重连
[2024-04-12T15:34:30.434] [WARN] TcpClient - yanfa_test:tcp客户端连接已关闭!准备重连
[2024-04-12T15:34:30.434] [WARN] TcpClient - yanfa_test:tcp客户端连接已关闭!准备重连
[2024-04-12T15:34:32.483] [WARN] TcpClient - yanfa_test:tcp客户端连接已关闭!准备重连
[2024-04-12T15:34:32.493] [WARN] TcpClient - yanfa_test:tcp客户端连接已关闭!准备重连
[2024-04-12T15:34:34.553] [WARN] TcpClient - yanfa_test:tcp客户端连接已关闭!准备重连
[2024-04-12T15:34:34.554] [WARN] TcpClient - yanfa_test:tcp客户端连接已关闭!准备重连
[2024-04-12T15:34:36.607] [WARN] TcpClient - yanfa_test:tcp客户端连接已关闭!准备重连
[2024-04-12T15:34:36.608] [WARN] TcpClient - yanfa_test:tcp客户端连接已关闭!准备重连
[2024-04-12T15:34:38.659] [WARN] TcpClient - yanfa_test:tcp客户端连接已关闭!准备重连
[2024-04-12T15:34:38.659] [WARN] TcpClient - yanfa_test:tcp客户端连接已关闭!准备重连
[2024-04-12T15:34:40.714] [WARN] TcpClient - yanfa_test:tcp客户端连接已关闭!准备重连
[2024-04-12T15:34:40.714] [WARN] TcpClient - yanfa_test:tcp客户端连接已关闭!准备重连
[2024-04-12T15:34:42.768] [WARN] TcpClient - yanfa_test:tcp客户端连接已关闭!准备重连
[2024-04-12T15:34:42.768] [WARN] TcpClient - yanfa_test:tcp客户端连接已关闭!准备重连
[2024-04-12T15:34:44.818] [WARN] TcpClient - yanfa_test:tcp客户端连接已关闭!准备重连
[2024-04-12T15:34:44.819] [WARN] TcpClient - yanfa_test:tcp客户端连接已关闭!准备重连
[2024-04-12T15:34:46.871] [WARN] TcpClient - yanfa_test:tcp客户端连接已关闭!准备重连
[2024-04-12T15:34:46.872] [WARN] TcpClient - yanfa_test:tcp客户端连接已关闭!准备重连
[2024-04-12T15:34:48.412] [TRACE] TcpClient - 摄像头 yanfa_test 连接成功
[2024-04-12T15:34:48.413] [ERROR] TcpClient - yanfa_test:tcp客户端与服务器连接错误! Error [ERR_MULTIPLE_CALLBACK]: Callback called multiple times
    at new NodeError (node:internal/errors:399:5)
    at onwrite (node:internal/streams/writable:434:28)
    at afterWriteDispatched (node:internal/stream_base_commons:163:9)
    at writeGeneric (node:internal/stream_base_commons:151:3)
    at Socket._writeGeneric (node:net:930:11)
    at Socket.connect (node:net:908:12)
    at Object.onceWrapper (node:events:627:28)
    at Socket.emit (node:events:525:35)
    at TCPConnectWrap.afterConnect [as oncomplete] (node:net:1479:10) {
  code: 'ERR_MULTIPLE_CALLBACK'
}
[2024-04-12T15:34:48.414] [WARN] TcpClient - yanfa_test:tcp客户端连接已关闭!准备重连
[2024-04-12T15:34:48.418] [TRACE] TcpClient - 摄像头 yanfa_test 连接成功
[2024-04-12T15:35:43.712] [TRACE] TcpClient - 摄像头 yanfa_test 连接成功
[2024-04-12T15:36:04.256] [TRACE] TcpClient - yanfa_test 摄像头 '获取摄像头硬件版本信息'{"cmd":"get_hw_board_version","id":0} 命令发送成功
[2024-04-12T15:39:22.111] [TRACE] TcpClient - 摄像头 yanfa_test 连接成功
[2024-04-12T15:39:39.093] [TRACE] TcpClient - yanfa_test 摄像头 '获取摄像头硬件版本信息'{"cmd":"get_hw_board_version","id":0} 命令发送成功
